<?xml version="1.0" encoding="UTF-8"?>
<!-- Generated by org.testng.reporters.JUnitXMLReporter -->
<testsuite hostname="DESKTOP-V7SUSBP" ignored="0" name="Test" tests="2" failures="0" timestamp="19 Jul 2020 23:40:44 GMT" time="69.387" errors="0">
  <testcase name="userstory2_TC001" time="7.959" classname="com.evalue.insightloupe.testsuite.UserStory02Test"/>
  <testcase name="userstory2_TC002" time="10.62" classname="com.evalue.insightloupe.testsuite.UserStory02Test"/>
</testsuite> <!-- Test -->
