<?xml version="1.0" encoding="UTF-8"?>
<!-- Generated by org.testng.reporters.JUnitXMLReporter -->
<testsuite hostname="DESKTOP-V7SUSBP" ignored="0" name="Test2" tests="4" failures="0" timestamp="19 Jul 2020 23:42:42 GMT" time="117.717" errors="0">
  <testcase name="userstory3_TC001" time="4.952" classname="com.evalue.insightloupe.testsuite.UserStory03Test"/>
  <testcase name="userstory3_TC002" time="6.702" classname="com.evalue.insightloupe.testsuite.UserStory03Test"/>
  <testcase name="userstory3_TC003" time="6.465" classname="com.evalue.insightloupe.testsuite.UserStory03Test"/>
  <testcase name="userstory3_TC004" time="7.828" classname="com.evalue.insightloupe.testsuite.UserStory03Test"/>
</testsuite> <!-- Test2 -->
