<?xml version="1.0" encoding="UTF-8"?>
<testsuite xmlns:xsi="http://www.w3.org/2001/XMLSchema-instance" xsi:noNamespaceSchemaLocation="https://maven.apache.org/surefire/maven-surefire-plugin/xsd/surefire-test-report.xsd" name="TestSuite" time="311.137" tests="20" errors="0" skipped="12" failures="1">
  <properties>
[...]
</properties>
  <testcase name="userstory2_TC001" classname="com.evalue.insightloupe.testsuite.UserStory02Test" time="7.563"/>
  <testcase name="userstory2_TC002" classname="com.evalue.insightloupe.testsuite.UserStory02Test" time="8.786"/>
  <testcase name="userstory1_TC001" classname="com.evalue.insightloupe.testsuite.UserStory01Test" time="6.765"/>
  <testcase name="userstory1_TC002" classname="com.evalue.insightloupe.testsuite.UserStory01Test" time="6.67"/>
  <testcase name="userstory1_TC003" classname="com.evalue.insightloupe.testsuite.UserStory01Test" time="7.815"/>
  <testcase name="userstory1_TC004" classname="com.evalue.insightloupe.testsuite.UserStory01Test" time="7.843"/>
  <testcase name="userstory1_TC009" classname="com.evalue.insightloupe.testsuite.UserStory01Test" time="10.388"/>
  <testcase name="setup" classname="com.evalue.insightloupe.testsuite.UserStory01Test" time="83.6">
    <failure message="connection refused&#10;Build info: version: &apos;3.4.0&apos;, revision: &apos;unknown&apos;, time: &apos;unknown&apos;&#10;System info: host: &apos;DESKTOP-V7SUSBP&apos;, ip: &apos;192.168.1.11&apos;, os.name: &apos;Windows 10&apos;, os.arch: &apos;amd64&apos;, os.version: &apos;10.0&apos;, java.version: &apos;1.8.0_251&apos;&#10;Driver info: driver.version: FirefoxDriver&#10;remote stacktrace: " type="org.openqa.selenium.TimeoutException">org.openqa.selenium.TimeoutException: 
connection refused
Build info: version: '3.4.0', revision: 'unknown', time: 'unknown'
System info: host: 'DESKTOP-V7SUSBP', ip: '192.168.1.11', os.name: 'Windows 10', os.arch: 'amd64', os.version: '10.0', java.version: '1.8.0_251'
Driver info: driver.version: FirefoxDriver
remote stacktrace: 
</failure>
    <system-err><![CDATA[1595197508750	mozrunner::runner	INFO	Running command: "C:\\Program Files\\Mozilla Firefox\\firefox.exe" "-marionette" "-foreground" "-no-remote" "-profile" "C:\\Users\\amit_\\AppData\\Local\\Temp\\rust_mozprofile4mghzJ"
JavaScript error: resource://gre/modules/XULStore.jsm, line 66: Error: Can't find profile directory.
Jul 20, 2020 3:56:14 AM org.openqa.selenium.remote.ErrorCodes toStatus
INFO: HTTP Status: '500' -> incorrect JSON status mapping for 'timeout' (408 expected)
]]></system-err>
  </testcase>
  <testcase name="setup" classname="com.evalue.insightloupe.testsuite.UserStory01Test" time="0">
    <skipped/>
  </testcase>
  <testcase name="userstory1_TC010" classname="com.evalue.insightloupe.testsuite.UserStory01Test" time="0">
    <skipped message="connection refused&#10;Build info: version: &apos;3.4.0&apos;, revision: &apos;unknown&apos;, time: &apos;unknown&apos;&#10;System info: host: &apos;DESKTOP-V7SUSBP&apos;, ip: &apos;192.168.1.11&apos;, os.name: &apos;Windows 10&apos;, os.arch: &apos;amd64&apos;, os.version: &apos;10.0&apos;, java.version: &apos;1.8.0_251&apos;&#10;Driver info: driver.version: FirefoxDriver&#10;remote stacktrace: "/>
  </testcase>
  <testcase name="userstory1_TC011" classname="com.evalue.insightloupe.testsuite.UserStory01Test" time="0">
    <skipped message="connection refused&#10;Build info: version: &apos;3.4.0&apos;, revision: &apos;unknown&apos;, time: &apos;unknown&apos;&#10;System info: host: &apos;DESKTOP-V7SUSBP&apos;, ip: &apos;192.168.1.11&apos;, os.name: &apos;Windows 10&apos;, os.arch: &apos;amd64&apos;, os.version: &apos;10.0&apos;, java.version: &apos;1.8.0_251&apos;&#10;Driver info: driver.version: FirefoxDriver&#10;remote stacktrace: "/>
  </testcase>
  <testcase name="setup" classname="com.evalue.insightloupe.testsuite.UserStory03Test" time="0">
    <skipped/>
  </testcase>
  <testcase name="setup" classname="com.evalue.insightloupe.testsuite.UserStory03Test" time="0">
    <skipped/>
  </testcase>
  <testcase name="setup" classname="com.evalue.insightloupe.testsuite.UserStory03Test" time="0">
    <skipped/>
  </testcase>
  <testcase name="setup" classname="com.evalue.insightloupe.testsuite.UserStory03Test" time="0">
    <skipped/>
  </testcase>
  <testcase name="userstory3_TC001" classname="com.evalue.insightloupe.testsuite.UserStory03Test" time="0">
    <skipped message="connection refused&#10;Build info: version: &apos;3.4.0&apos;, revision: &apos;unknown&apos;, time: &apos;unknown&apos;&#10;System info: host: &apos;DESKTOP-V7SUSBP&apos;, ip: &apos;192.168.1.11&apos;, os.name: &apos;Windows 10&apos;, os.arch: &apos;amd64&apos;, os.version: &apos;10.0&apos;, java.version: &apos;1.8.0_251&apos;&#10;Driver info: driver.version: FirefoxDriver&#10;remote stacktrace: "/>
  </testcase>
  <testcase name="userstory3_TC002" classname="com.evalue.insightloupe.testsuite.UserStory03Test" time="0">
    <skipped message="connection refused&#10;Build info: version: &apos;3.4.0&apos;, revision: &apos;unknown&apos;, time: &apos;unknown&apos;&#10;System info: host: &apos;DESKTOP-V7SUSBP&apos;, ip: &apos;192.168.1.11&apos;, os.name: &apos;Windows 10&apos;, os.arch: &apos;amd64&apos;, os.version: &apos;10.0&apos;, java.version: &apos;1.8.0_251&apos;&#10;Driver info: driver.version: FirefoxDriver&#10;remote stacktrace: "/>
  </testcase>
  <testcase name="userstory3_TC003" classname="com.evalue.insightloupe.testsuite.UserStory03Test" time="0">
    <skipped message="connection refused&#10;Build info: version: &apos;3.4.0&apos;, revision: &apos;unknown&apos;, time: &apos;unknown&apos;&#10;System info: host: &apos;DESKTOP-V7SUSBP&apos;, ip: &apos;192.168.1.11&apos;, os.name: &apos;Windows 10&apos;, os.arch: &apos;amd64&apos;, os.version: &apos;10.0&apos;, java.version: &apos;1.8.0_251&apos;&#10;Driver info: driver.version: FirefoxDriver&#10;remote stacktrace: "/>
  </testcase>
  <testcase name="userstory3_TC004" classname="com.evalue.insightloupe.testsuite.UserStory03Test" time="0">
    <skipped message="connection refused&#10;Build info: version: &apos;3.4.0&apos;, revision: &apos;unknown&apos;, time: &apos;unknown&apos;&#10;System info: host: &apos;DESKTOP-V7SUSBP&apos;, ip: &apos;192.168.1.11&apos;, os.name: &apos;Windows 10&apos;, os.arch: &apos;amd64&apos;, os.version: &apos;10.0&apos;, java.version: &apos;1.8.0_251&apos;&#10;Driver info: driver.version: FirefoxDriver&#10;remote stacktrace: "/>
  </testcase>
  <testcase name="afterTest" classname="com.evalue.insightloupe.testsuite.UserStory02Test" time="0">
    <skipped/>
  </testcase>
</testsuite>