<?xml version="1.0" encoding="UTF-8"?>
<testng-results skipped="0" failed="1" ignored="0" total="13" passed="12">
  <reporter-output>
  </reporter-output>
  <suite name="Suite" duration-ms="432166" started-at="2020-07-19T23:39:35Z" finished-at="2020-07-19T23:46:47Z">
    <groups>
    </groups>
    <test name="Test" duration-ms="69387" started-at="2020-07-19T23:39:35Z" finished-at="2020-07-19T23:40:44Z">
      <class name="com.evalue.insightloupe.testsuite.UserStory02Test">
        <test-method status="PASS" signature="setup()[pri:0, instance:com.evalue.insightloupe.testsuite.UserStory02Test@55a561cf]" name="setup" is-config="true" duration-ms="22898" started-at="2020-07-20T05:09:35Z" finished-at="2020-07-20T05:09:58Z">
          <reporter-output>
          </reporter-output>
        </test-method> <!-- setup -->
        <test-method status="PASS" signature="userstory2_TC001()[pri:0, instance:com.evalue.insightloupe.testsuite.UserStory02Test@55a561cf]" name="userstory2_TC001" duration-ms="7959" started-at="2020-07-20T05:09:58Z" finished-at="2020-07-20T05:10:06Z">
          <reporter-output>
          </reporter-output>
        </test-method> <!-- userstory2_TC001 -->
        <test-method status="PASS" signature="afterTest()[pri:0, instance:com.evalue.insightloupe.testsuite.UserStory02Test@55a561cf]" name="afterTest" is-config="true" duration-ms="5240" started-at="2020-07-20T05:10:06Z" finished-at="2020-07-20T05:10:11Z">
          <reporter-output>
          </reporter-output>
        </test-method> <!-- afterTest -->
        <test-method status="PASS" signature="setup()[pri:0, instance:com.evalue.insightloupe.testsuite.UserStory02Test@55a561cf]" name="setup" is-config="true" duration-ms="17849" started-at="2020-07-20T05:10:11Z" finished-at="2020-07-20T05:10:29Z">
          <reporter-output>
          </reporter-output>
        </test-method> <!-- setup -->
        <test-method status="PASS" signature="userstory2_TC002()[pri:0, instance:com.evalue.insightloupe.testsuite.UserStory02Test@55a561cf]" name="userstory2_TC002" duration-ms="10620" started-at="2020-07-20T05:10:29Z" finished-at="2020-07-20T05:10:39Z">
          <reporter-output>
          </reporter-output>
        </test-method> <!-- userstory2_TC002 -->
        <test-method status="PASS" signature="afterTest()[pri:0, instance:com.evalue.insightloupe.testsuite.UserStory02Test@55a561cf]" name="afterTest" is-config="true" duration-ms="4776" started-at="2020-07-20T05:10:39Z" finished-at="2020-07-20T05:10:44Z">
          <reporter-output>
          </reporter-output>
        </test-method> <!-- afterTest -->
      </class> <!-- com.evalue.insightloupe.testsuite.UserStory02Test -->
    </test> <!-- Test -->
    <test name="Test2" duration-ms="117717" started-at="2020-07-19T23:40:44Z" finished-at="2020-07-19T23:42:42Z">
      <class name="com.evalue.insightloupe.testsuite.UserStory03Test">
        <test-method status="PASS" signature="setup()[pri:0, instance:com.evalue.insightloupe.testsuite.UserStory03Test@19d37183]" name="setup" is-config="true" duration-ms="17350" started-at="2020-07-20T05:10:44Z" finished-at="2020-07-20T05:11:02Z">
          <reporter-output>
          </reporter-output>
        </test-method> <!-- setup -->
        <test-method status="PASS" signature="userstory3_TC001()[pri:0, instance:com.evalue.insightloupe.testsuite.UserStory03Test@19d37183]" name="userstory3_TC001" duration-ms="4952" started-at="2020-07-20T05:11:02Z" finished-at="2020-07-20T05:11:06Z">
          <reporter-output>
          </reporter-output>
        </test-method> <!-- userstory3_TC001 -->
        <test-method status="PASS" signature="afterTest()[pri:0, instance:com.evalue.insightloupe.testsuite.UserStory03Test@19d37183]" name="afterTest" is-config="true" duration-ms="4851" started-at="2020-07-20T05:11:06Z" finished-at="2020-07-20T05:11:11Z">
          <reporter-output>
          </reporter-output>
        </test-method> <!-- afterTest -->
        <test-method status="PASS" signature="setup()[pri:0, instance:com.evalue.insightloupe.testsuite.UserStory03Test@19d37183]" name="setup" is-config="true" duration-ms="18519" started-at="2020-07-20T05:11:11Z" finished-at="2020-07-20T05:11:30Z">
          <reporter-output>
          </reporter-output>
        </test-method> <!-- setup -->
        <test-method status="PASS" signature="userstory3_TC002()[pri:0, instance:com.evalue.insightloupe.testsuite.UserStory03Test@19d37183]" name="userstory3_TC002" duration-ms="6702" started-at="2020-07-20T05:11:30Z" finished-at="2020-07-20T05:11:37Z">
          <reporter-output>
          </reporter-output>
        </test-method> <!-- userstory3_TC002 -->
        <test-method status="PASS" signature="afterTest()[pri:0, instance:com.evalue.insightloupe.testsuite.UserStory03Test@19d37183]" name="afterTest" is-config="true" duration-ms="6722" started-at="2020-07-20T05:11:37Z" finished-at="2020-07-20T05:11:43Z">
          <reporter-output>
          </reporter-output>
        </test-method> <!-- afterTest -->
        <test-method status="PASS" signature="setup()[pri:0, instance:com.evalue.insightloupe.testsuite.UserStory03Test@19d37183]" name="setup" is-config="true" duration-ms="17722" started-at="2020-07-20T05:11:43Z" finished-at="2020-07-20T05:12:01Z">
          <reporter-output>
          </reporter-output>
        </test-method> <!-- setup -->
        <test-method status="PASS" signature="userstory3_TC003()[pri:0, instance:com.evalue.insightloupe.testsuite.UserStory03Test@19d37183]" name="userstory3_TC003" duration-ms="6465" started-at="2020-07-20T05:12:01Z" finished-at="2020-07-20T05:12:07Z">
          <reporter-output>
          </reporter-output>
        </test-method> <!-- userstory3_TC003 -->
        <test-method status="PASS" signature="afterTest()[pri:0, instance:com.evalue.insightloupe.testsuite.UserStory03Test@19d37183]" name="afterTest" is-config="true" duration-ms="5123" started-at="2020-07-20T05:12:07Z" finished-at="2020-07-20T05:12:13Z">
          <reporter-output>
          </reporter-output>
        </test-method> <!-- afterTest -->
        <test-method status="PASS" signature="setup()[pri:0, instance:com.evalue.insightloupe.testsuite.UserStory03Test@19d37183]" name="setup" is-config="true" duration-ms="16994" started-at="2020-07-20T05:12:13Z" finished-at="2020-07-20T05:12:30Z">
          <reporter-output>
          </reporter-output>
        </test-method> <!-- setup -->
        <test-method status="PASS" signature="userstory3_TC004()[pri:0, instance:com.evalue.insightloupe.testsuite.UserStory03Test@19d37183]" name="userstory3_TC004" duration-ms="7828" started-at="2020-07-20T05:12:30Z" finished-at="2020-07-20T05:12:37Z">
          <reporter-output>
          </reporter-output>
        </test-method> <!-- userstory3_TC004 -->
        <test-method status="PASS" signature="afterTest()[pri:0, instance:com.evalue.insightloupe.testsuite.UserStory03Test@19d37183]" name="afterTest" is-config="true" duration-ms="4484" started-at="2020-07-20T05:12:37Z" finished-at="2020-07-20T05:12:42Z">
          <reporter-output>
          </reporter-output>
        </test-method> <!-- afterTest -->
      </class> <!-- com.evalue.insightloupe.testsuite.UserStory03Test -->
    </test> <!-- Test2 -->
    <test name="Test3" duration-ms="245029" started-at="2020-07-19T23:42:42Z" finished-at="2020-07-19T23:46:47Z">
      <class name="com.evalue.insightloupe.testsuite.UserStory01Test">
        <test-method status="PASS" signature="setup()[pri:0, instance:com.evalue.insightloupe.testsuite.UserStory01Test@78047b92]" name="setup" is-config="true" duration-ms="19867" started-at="2020-07-20T05:12:42Z" finished-at="2020-07-20T05:13:02Z">
          <reporter-output>
          </reporter-output>
        </test-method> <!-- setup -->
        <test-method status="PASS" signature="userstory1_TC001()[pri:0, instance:com.evalue.insightloupe.testsuite.UserStory01Test@78047b92]" name="userstory1_TC001" duration-ms="5290" started-at="2020-07-20T05:13:02Z" finished-at="2020-07-20T05:13:07Z">
          <reporter-output>
          </reporter-output>
        </test-method> <!-- userstory1_TC001 -->
        <test-method status="PASS" signature="afterTest()[pri:0, instance:com.evalue.insightloupe.testsuite.UserStory01Test@78047b92]" name="afterTest" is-config="true" duration-ms="4796" started-at="2020-07-20T05:13:07Z" finished-at="2020-07-20T05:13:12Z">
          <reporter-output>
          </reporter-output>
        </test-method> <!-- afterTest -->
        <test-method status="PASS" signature="setup()[pri:0, instance:com.evalue.insightloupe.testsuite.UserStory01Test@78047b92]" name="setup" is-config="true" duration-ms="20855" started-at="2020-07-20T05:13:12Z" finished-at="2020-07-20T05:13:33Z">
          <reporter-output>
          </reporter-output>
        </test-method> <!-- setup -->
        <test-method status="PASS" signature="userstory1_TC002()[pri:0, instance:com.evalue.insightloupe.testsuite.UserStory01Test@78047b92]" name="userstory1_TC002" duration-ms="6411" started-at="2020-07-20T05:13:33Z" finished-at="2020-07-20T05:13:39Z">
          <reporter-output>
          </reporter-output>
        </test-method> <!-- userstory1_TC002 -->
        <test-method status="PASS" signature="afterTest()[pri:0, instance:com.evalue.insightloupe.testsuite.UserStory01Test@78047b92]" name="afterTest" is-config="true" duration-ms="5426" started-at="2020-07-20T05:13:39Z" finished-at="2020-07-20T05:13:45Z">
          <reporter-output>
          </reporter-output>
        </test-method> <!-- afterTest -->
        <test-method status="PASS" signature="setup()[pri:0, instance:com.evalue.insightloupe.testsuite.UserStory01Test@78047b92]" name="setup" is-config="true" duration-ms="18174" started-at="2020-07-20T05:13:45Z" finished-at="2020-07-20T05:14:03Z">
          <reporter-output>
          </reporter-output>
        </test-method> <!-- setup -->
        <test-method status="PASS" signature="userstory1_TC003()[pri:0, instance:com.evalue.insightloupe.testsuite.UserStory01Test@78047b92]" name="userstory1_TC003" duration-ms="9777" started-at="2020-07-20T05:14:03Z" finished-at="2020-07-20T05:14:13Z">
          <reporter-output>
          </reporter-output>
        </test-method> <!-- userstory1_TC003 -->
        <test-method status="PASS" signature="afterTest()[pri:0, instance:com.evalue.insightloupe.testsuite.UserStory01Test@78047b92]" name="afterTest" is-config="true" duration-ms="8920" started-at="2020-07-20T05:14:13Z" finished-at="2020-07-20T05:14:21Z">
          <reporter-output>
          </reporter-output>
        </test-method> <!-- afterTest -->
        <test-method status="PASS" signature="setup()[pri:0, instance:com.evalue.insightloupe.testsuite.UserStory01Test@78047b92]" name="setup" is-config="true" duration-ms="18723" started-at="2020-07-20T05:14:21Z" finished-at="2020-07-20T05:14:40Z">
          <reporter-output>
          </reporter-output>
        </test-method> <!-- setup -->
        <test-method status="PASS" signature="userstory1_TC004()[pri:0, instance:com.evalue.insightloupe.testsuite.UserStory01Test@78047b92]" name="userstory1_TC004" duration-ms="9226" started-at="2020-07-20T05:14:40Z" finished-at="2020-07-20T05:14:49Z">
          <reporter-output>
          </reporter-output>
        </test-method> <!-- userstory1_TC004 -->
        <test-method status="PASS" signature="afterTest()[pri:0, instance:com.evalue.insightloupe.testsuite.UserStory01Test@78047b92]" name="afterTest" is-config="true" duration-ms="6071" started-at="2020-07-20T05:14:49Z" finished-at="2020-07-20T05:14:55Z">
          <reporter-output>
          </reporter-output>
        </test-method> <!-- afterTest -->
        <test-method status="PASS" signature="setup()[pri:0, instance:com.evalue.insightloupe.testsuite.UserStory01Test@78047b92]" name="setup" is-config="true" duration-ms="20673" started-at="2020-07-20T05:14:55Z" finished-at="2020-07-20T05:15:16Z">
          <reporter-output>
          </reporter-output>
        </test-method> <!-- setup -->
        <test-method status="PASS" signature="userstory1_TC009()[pri:0, instance:com.evalue.insightloupe.testsuite.UserStory01Test@78047b92]" name="userstory1_TC009" duration-ms="7432" started-at="2020-07-20T05:15:16Z" finished-at="2020-07-20T05:15:24Z">
          <reporter-output>
          </reporter-output>
        </test-method> <!-- userstory1_TC009 -->
        <test-method status="PASS" signature="afterTest()[pri:0, instance:com.evalue.insightloupe.testsuite.UserStory01Test@78047b92]" name="afterTest" is-config="true" duration-ms="11090" started-at="2020-07-20T05:15:24Z" finished-at="2020-07-20T05:15:35Z">
          <reporter-output>
          </reporter-output>
        </test-method> <!-- afterTest -->
        <test-method status="PASS" signature="setup()[pri:0, instance:com.evalue.insightloupe.testsuite.UserStory01Test@78047b92]" name="setup" is-config="true" duration-ms="26952" started-at="2020-07-20T05:15:35Z" finished-at="2020-07-20T05:16:02Z">
          <reporter-output>
          </reporter-output>
        </test-method> <!-- setup -->
        <test-method status="FAIL" signature="userstory1_TC010()[pri:0, instance:com.evalue.insightloupe.testsuite.UserStory01Test@78047b92]" name="userstory1_TC010" duration-ms="10023" started-at="2020-07-20T05:16:02Z" finished-at="2020-07-20T05:16:12Z">
          <exception class="org.openqa.selenium.NoSuchElementException">
            <message>
              <![CDATA[Unable to locate element: //*[@id="users-list"]/div/div[2]/div[2]/div/div[4]/div/div[2]/a/h3/div
For documentation on this error, please visit: http://seleniumhq.org/exceptions/no_such_element.html
Build info: version: '3.4.0', revision: 'unknown', time: 'unknown'
System info: host: 'DESKTOP-V7SUSBP', ip: '192.168.1.11', os.name: 'Windows 10', os.arch: 'amd64', os.version: '10.0', java.version: '1.8.0_251'
Driver info: org.openqa.selenium.firefox.FirefoxDriver
Capabilities [{moz:profile=C:\Users\amit_\AppData\Local\Temp\rust_mozprofileRgKtq7, rotatable=false, moz:geckodriverVersion=0.26.0, timeouts={implicit=0.0, pageLoad=300000.0, script=30000.0}, pageLoadStrategy=normal, unhandledPromptBehavior=dismiss and notify, strictFileInteractability=false, moz:headless=false, platform=ANY, moz:accessibilityChecks=false, moz:useNonSpecCompliantPointerOrigin=false, acceptInsecureCerts=false, browserVersion=78.0.2, moz:shutdownTimeout=60000.0, platformVersion=10.0, moz:processID=33060.0, browserName=firefox, moz:buildID=20200708170202, javascriptEnabled=true, platformName=windows, setWindowRect=true, moz:webdriverClick=true}]
Session ID: 7d67a0fd-7b2b-4155-8a24-2db12535f911
*** Element info: {Using=xpath, value=//*[@id="users-list"]/div/div[2]/div[2]/div/div[4]/div/div[2]/a/h3/div}]]>
            </message>
            <full-stacktrace>
              <![CDATA[org.openqa.selenium.NoSuchElementException: Unable to locate element: //*[@id="users-list"]/div/div[2]/div[2]/div/div[4]/div/div[2]/a/h3/div
For documentation on this error, please visit: http://seleniumhq.org/exceptions/no_such_element.html
Build info: version: '3.4.0', revision: 'unknown', time: 'unknown'
System info: host: 'DESKTOP-V7SUSBP', ip: '192.168.1.11', os.name: 'Windows 10', os.arch: 'amd64', os.version: '10.0', java.version: '1.8.0_251'
Driver info: org.openqa.selenium.firefox.FirefoxDriver
Capabilities [{moz:profile=C:\Users\amit_\AppData\Local\Temp\rust_mozprofileRgKtq7, rotatable=false, moz:geckodriverVersion=0.26.0, timeouts={implicit=0.0, pageLoad=300000.0, script=30000.0}, pageLoadStrategy=normal, unhandledPromptBehavior=dismiss and notify, strictFileInteractability=false, moz:headless=false, platform=ANY, moz:accessibilityChecks=false, moz:useNonSpecCompliantPointerOrigin=false, acceptInsecureCerts=false, browserVersion=78.0.2, moz:shutdownTimeout=60000.0, platformVersion=10.0, moz:processID=33060.0, browserName=firefox, moz:buildID=20200708170202, javascriptEnabled=true, platformName=windows, setWindowRect=true, moz:webdriverClick=true}]
Session ID: 7d67a0fd-7b2b-4155-8a24-2db12535f911
*** Element info: {Using=xpath, value=//*[@id="users-list"]/div/div[2]/div[2]/div/div[4]/div/div[2]/a/h3/div}
	at sun.reflect.NativeConstructorAccessorImpl.newInstance0(Native Method)
	at sun.reflect.NativeConstructorAccessorImpl.newInstance(NativeConstructorAccessorImpl.java:62)
	at sun.reflect.DelegatingConstructorAccessorImpl.newInstance(DelegatingConstructorAccessorImpl.java:45)
	at java.lang.reflect.Constructor.newInstance(Constructor.java:423)
	at org.openqa.selenium.remote.http.W3CHttpResponseCodec.createException(W3CHttpResponseCodec.java:150)
	at org.openqa.selenium.remote.http.W3CHttpResponseCodec.decode(W3CHttpResponseCodec.java:115)
	at org.openqa.selenium.remote.http.W3CHttpResponseCodec.decode(W3CHttpResponseCodec.java:45)
	at org.openqa.selenium.remote.HttpCommandExecutor.execute(HttpCommandExecutor.java:164)
	at org.openqa.selenium.remote.service.DriverCommandExecutor.execute(DriverCommandExecutor.java:82)
	at org.openqa.selenium.remote.RemoteWebDriver.execute(RemoteWebDriver.java:637)
	at org.openqa.selenium.remote.RemoteWebDriver.findElement(RemoteWebDriver.java:410)
	at org.openqa.selenium.remote.RemoteWebDriver.findElementByXPath(RemoteWebDriver.java:509)
	at org.openqa.selenium.By$ByXPath.findElement(By.java:361)
	at org.openqa.selenium.remote.RemoteWebDriver.findElement(RemoteWebDriver.java:402)
	at org.openqa.selenium.support.pagefactory.DefaultElementLocator.findElement(DefaultElementLocator.java:69)
	at org.openqa.selenium.support.pagefactory.internal.LocatingElementHandler.invoke(LocatingElementHandler.java:38)
	at com.sun.proxy.$Proxy7.getText(Unknown Source)
	at com.evalue.insightloupetest.pages.NewUserPage.get_new_user(NewUserPage.java:163)
	at com.evalue.insightloupe.testsuite.UserStory01Test.userstory1_TC010(UserStory01Test.java:101)
	at sun.reflect.NativeMethodAccessorImpl.invoke0(Native Method)
	at sun.reflect.NativeMethodAccessorImpl.invoke(NativeMethodAccessorImpl.java:62)
	at sun.reflect.DelegatingMethodAccessorImpl.invoke(DelegatingMethodAccessorImpl.java:43)
	at java.lang.reflect.Method.invoke(Method.java:498)
	at org.testng.internal.MethodInvocationHelper.invokeMethod(MethodInvocationHelper.java:108)
	at org.testng.internal.Invoker.invokeMethod(Invoker.java:661)
	at org.testng.internal.Invoker.invokeTestMethod(Invoker.java:869)
	at org.testng.internal.Invoker.invokeTestMethods(Invoker.java:1193)
	at org.testng.internal.TestMethodWorker.invokeTestMethods(TestMethodWorker.java:126)
	at org.testng.internal.TestMethodWorker.run(TestMethodWorker.java:109)
	at org.testng.TestRunner.privateRun(TestRunner.java:744)
	at org.testng.TestRunner.run(TestRunner.java:602)
	at org.testng.SuiteRunner.runTest(SuiteRunner.java:380)
	at org.testng.SuiteRunner.runSequentially(SuiteRunner.java:375)
	at org.testng.SuiteRunner.privateRun(SuiteRunner.java:340)
	at org.testng.SuiteRunner.run(SuiteRunner.java:289)
	at org.testng.SuiteRunnerWorker.runSuite(SuiteRunnerWorker.java:52)
	at org.testng.SuiteRunnerWorker.run(SuiteRunnerWorker.java:86)
	at org.testng.TestNG.runSuitesSequentially(TestNG.java:1301)
	at org.testng.TestNG.runSuitesLocally(TestNG.java:1226)
	at org.testng.TestNG.runSuites(TestNG.java:1144)
	at org.testng.TestNG.run(TestNG.java:1115)
	at org.testng.remote.AbstractRemoteTestNG.run(AbstractRemoteTestNG.java:115)
	at org.testng.remote.RemoteTestNG.initAndRun(RemoteTestNG.java:251)
	at org.testng.remote.RemoteTestNG.main(RemoteTestNG.java:77)
]]>
            </full-stacktrace>
          </exception> <!-- org.openqa.selenium.NoSuchElementException -->
          <reporter-output>
          </reporter-output>
        </test-method> <!-- userstory1_TC010 -->
        <test-method status="PASS" signature="afterTest()[pri:0, instance:com.evalue.insightloupe.testsuite.UserStory01Test@78047b92]" name="afterTest" is-config="true" duration-ms="7168" started-at="2020-07-20T05:16:12Z" finished-at="2020-07-20T05:16:19Z">
          <reporter-output>
          </reporter-output>
        </test-method> <!-- afterTest -->
        <test-method status="PASS" signature="setup()[pri:0, instance:com.evalue.insightloupe.testsuite.UserStory01Test@78047b92]" name="setup" is-config="true" duration-ms="16565" started-at="2020-07-20T05:16:19Z" finished-at="2020-07-20T05:16:35Z">
          <reporter-output>
          </reporter-output>
        </test-method> <!-- setup -->
        <test-method status="PASS" signature="userstory1_TC011()[pri:0, instance:com.evalue.insightloupe.testsuite.UserStory01Test@78047b92]" name="userstory1_TC011" duration-ms="6528" started-at="2020-07-20T05:16:35Z" finished-at="2020-07-20T05:16:42Z">
          <reporter-output>
          </reporter-output>
        </test-method> <!-- userstory1_TC011 -->
        <test-method status="PASS" signature="afterTest()[pri:0, instance:com.evalue.insightloupe.testsuite.UserStory01Test@78047b92]" name="afterTest" is-config="true" duration-ms="5043" started-at="2020-07-20T05:16:42Z" finished-at="2020-07-20T05:16:47Z">
          <reporter-output>
          </reporter-output>
        </test-method> <!-- afterTest -->
      </class> <!-- com.evalue.insightloupe.testsuite.UserStory01Test -->
    </test> <!-- Test3 -->
  </suite> <!-- Suite -->
</testng-results>
